c:\users\co0ki\documents\github\implodeframework\implodeframeworknew\implodeframeworknew\x64\debug\vc142.pdb
c:\users\co0ki\documents\github\implodeframework\implodeframeworknew\implodeframeworknew\x64\debug\vc142.idb
c:\users\co0ki\documents\github\implodeframework\implodeframeworknew\implodeframeworknew\x64\debug\sprite.obj
c:\users\co0ki\documents\github\implodeframework\implodeframeworknew\implodeframeworknew\x64\debug\source.obj
c:\users\co0ki\documents\github\implodeframework\implodeframeworknew\implodeframeworknew\x64\debug\music.obj
c:\users\co0ki\documents\github\implodeframework\implodeframeworknew\implodeframeworknew\x64\debug\level1.obj
c:\users\co0ki\documents\github\implodeframework\implodeframeworknew\implodeframeworknew\x64\debug\gamescreenmanager.obj
c:\users\co0ki\documents\github\implodeframework\implodeframeworknew\implodeframeworknew\x64\debug\gamescreen.obj
c:\users\co0ki\documents\github\implodeframework\implodeframeworknew\implodeframeworknew\x64\debug\collisions.obj
c:\users\co0ki\documents\github\implodeframework\implodeframeworknew\implodeframeworknew\x64\debug\animation.obj
c:\users\co0ki\documents\github\implodeframework\implodeframeworknew\implodeframeworknew\x64\debug\text.obj
c:\users\co0ki\documents\github\implodeframework\implodeframeworknew\x64\debug\implodeframeworknew.exe
c:\users\co0ki\documents\github\implodeframework\implodeframeworknew\x64\debug\implodeframeworknew.ilk
c:\users\co0ki\documents\github\implodeframework\implodeframeworknew\x64\debug\implodeframeworknew.pdb
c:\users\co0ki\documents\github\implodeframework\implodeframeworknew\implodeframeworknew\x64\debug\implodef.a4170eba.tlog\cl.command.1.tlog
c:\users\co0ki\documents\github\implodeframework\implodeframeworknew\implodeframeworknew\x64\debug\implodef.a4170eba.tlog\cl.read.1.tlog
c:\users\co0ki\documents\github\implodeframework\implodeframeworknew\implodeframeworknew\x64\debug\implodef.a4170eba.tlog\cl.write.1.tlog
c:\users\co0ki\documents\github\implodeframework\implodeframeworknew\implodeframeworknew\x64\debug\implodef.a4170eba.tlog\link-cvtres.read.1.tlog
c:\users\co0ki\documents\github\implodeframework\implodeframeworknew\implodeframeworknew\x64\debug\implodef.a4170eba.tlog\link-cvtres.write.1.tlog
c:\users\co0ki\documents\github\implodeframework\implodeframeworknew\implodeframeworknew\x64\debug\implodef.a4170eba.tlog\link-rc.read.1.tlog
c:\users\co0ki\documents\github\implodeframework\implodeframeworknew\implodeframeworknew\x64\debug\implodef.a4170eba.tlog\link-rc.write.1.tlog
c:\users\co0ki\documents\github\implodeframework\implodeframeworknew\implodeframeworknew\x64\debug\implodef.a4170eba.tlog\link.15404-cvtres.read.1.tlog
c:\users\co0ki\documents\github\implodeframework\implodeframeworknew\implodeframeworknew\x64\debug\implodef.a4170eba.tlog\link.15404-cvtres.write.1.tlog
c:\users\co0ki\documents\github\implodeframework\implodeframeworknew\implodeframeworknew\x64\debug\implodef.a4170eba.tlog\link.15404-rc.read.1.tlog
c:\users\co0ki\documents\github\implodeframework\implodeframeworknew\implodeframeworknew\x64\debug\implodef.a4170eba.tlog\link.15404-rc.write.1.tlog
c:\users\co0ki\documents\github\implodeframework\implodeframeworknew\implodeframeworknew\x64\debug\implodef.a4170eba.tlog\link.15404.read.1.tlog
c:\users\co0ki\documents\github\implodeframework\implodeframeworknew\implodeframeworknew\x64\debug\implodef.a4170eba.tlog\link.15404.write.1.tlog
c:\users\co0ki\documents\github\implodeframework\implodeframeworknew\implodeframeworknew\x64\debug\implodef.a4170eba.tlog\link.command.1.tlog
c:\users\co0ki\documents\github\implodeframework\implodeframeworknew\implodeframeworknew\x64\debug\implodef.a4170eba.tlog\link.read.1.tlog
c:\users\co0ki\documents\github\implodeframework\implodeframeworknew\implodeframeworknew\x64\debug\implodef.a4170eba.tlog\link.write.1.tlog
